<?xml version="1.0" encoding="UTF-8"?>
<testng-results skipped="0" failed="0" total="1" passed="1">
  <reporter-output>
  </reporter-output>
  <suite name="Ecommerce test run" duration-ms="23195" started-at="2018-01-15T19:20:55Z" finished-at="2018-01-15T19:21:18Z">
    <groups>
    </groups>
    <test name="Place Order" duration-ms="23195" started-at="2018-01-15T19:20:55Z" finished-at="2018-01-15T19:21:18Z">
      <class name="com.ecommerce.selenium.pagefactory.framework.salesforce">
        <test-method status="PASS" signature="Addtocart()[pri:0, instance:com.ecommerce.selenium.pagefactory.framework.salesforce@2c6a3f77]" name="Addtocart" duration-ms="23160" started-at="2018-01-16T00:50:55Z" finished-at="2018-01-16T00:51:18Z">
          <reporter-output>
          </reporter-output>
        </test-method> <!-- Addtocart -->
      </class> <!-- com.ecommerce.selenium.pagefactory.framework.salesforce -->
    </test> <!-- Place Order -->
  </suite> <!-- Ecommerce test run -->
</testng-results>
